CRITICAL - 2022-09-02 12:34:32 --> Invalid file: edit_user.php
in SYSTEMPATH\Exceptions\FrameworkException.php on line 33.
 1 SYSTEMPATH\View\View.php(201): CodeIgniter\Exceptions\FrameworkException::forInvalidFile('edit_user.php')
 2 SYSTEMPATH\Common.php(1137): CodeIgniter\View\View->render('edit_user', [], true)
 3 APPPATH\Controllers\UserCrud.php(38): view('edit_user', [...])
 4 SYSTEMPATH\CodeIgniter.php(904): App\Controllers\UserCrud->singleUser('10')
 5 SYSTEMPATH\CodeIgniter.php(457): CodeIgniter\CodeIgniter->runController(Object(App\Controllers\UserCrud))
 6 SYSTEMPATH\CodeIgniter.php(340): CodeIgniter\CodeIgniter->handleRequest(null, Object(Config\Cache), false)
 7 FCPATH\index.php(67): CodeIgniter\CodeIgniter->run()
CRITICAL - 2022-09-02 13:07:43 --> Cannot access offset of type string on string
in APPPATH\Views\home.php on line 14.
 1 SYSTEMPATH\View\View.php(213): include()
 2 SYSTEMPATH\View\View.php(216): CodeIgniter\View\View->CodeIgniter\View\{closure}()
 3 SYSTEMPATH\Common.php(1137): CodeIgniter\View\View->render('home', [], true)
 4 APPPATH\Controllers\Home.php(13): view('home', [...])
 5 SYSTEMPATH\CodeIgniter.php(904): App\Controllers\Home->index()
 6 SYSTEMPATH\CodeIgniter.php(457): CodeIgniter\CodeIgniter->runController(Object(App\Controllers\Home))
 7 SYSTEMPATH\CodeIgniter.php(340): CodeIgniter\CodeIgniter->handleRequest(null, Object(Config\Cache), false)
 8 FCPATH\index.php(67): CodeIgniter\CodeIgniter->run()
CRITICAL - 2022-09-02 13:12:48 --> Undefined variable $viewDirectory
in APPPATH\Views\home.php on line 14.
 1 APPPATH\Views\home.php(14): CodeIgniter\Debug\Exceptions->errorHandler(2, 'Undefined variable $viewDirectory', 'APPPATH\\Views\\home.php', 14)
 2 SYSTEMPATH\View\View.php(213): include('APPPATH\\Views\\home.php')
 3 SYSTEMPATH\View\View.php(216): CodeIgniter\View\View->CodeIgniter\View\{closure}()
 4 SYSTEMPATH\Common.php(1137): CodeIgniter\View\View->render('home', [], true)
 5 APPPATH\Controllers\Home.php(13): view('home', [...])
 6 SYSTEMPATH\CodeIgniter.php(904): App\Controllers\Home->index()
 7 SYSTEMPATH\CodeIgniter.php(457): CodeIgniter\CodeIgniter->runController(Object(App\Controllers\Home))
 8 SYSTEMPATH\CodeIgniter.php(340): CodeIgniter\CodeIgniter->handleRequest(null, Object(Config\Cache), false)
 9 FCPATH\index.php(67): CodeIgniter\CodeIgniter->run()
CRITICAL - 2022-09-02 13:13:16 --> Undefined variable $viewDirectory
in APPPATH\Controllers\Home.php on line 11.
 1 APPPATH\Controllers\Home.php(11): CodeIgniter\Debug\Exceptions->errorHandler(2, 'Undefined variable $viewDirectory', 'APPPATH\\Controllers\\Home.php', 11)
 2 SYSTEMPATH\CodeIgniter.php(904): App\Controllers\Home->index()
 3 SYSTEMPATH\CodeIgniter.php(457): CodeIgniter\CodeIgniter->runController(Object(App\Controllers\Home))
 4 SYSTEMPATH\CodeIgniter.php(340): CodeIgniter\CodeIgniter->handleRequest(null, Object(Config\Cache), false)
 5 FCPATH\index.php(67): CodeIgniter\CodeIgniter->run()
CRITICAL - 2022-09-02 13:32:16 --> syntax error, unexpected token ";"
in APPPATH\Views\home.php on line 15.
 1 SYSTEMPATH\View\View.php(216): CodeIgniter\View\View->CodeIgniter\View\{closure}()
 2 SYSTEMPATH\Common.php(1137): CodeIgniter\View\View->render('home', [], true)
 3 APPPATH\Controllers\Home.php(16): view('home', [...])
 4 SYSTEMPATH\CodeIgniter.php(904): App\Controllers\Home->index()
 5 SYSTEMPATH\CodeIgniter.php(457): CodeIgniter\CodeIgniter->runController(Object(App\Controllers\Home))
 6 SYSTEMPATH\CodeIgniter.php(340): CodeIgniter\CodeIgniter->handleRequest(null, Object(Config\Cache), false)
 7 FCPATH\index.php(67): CodeIgniter\CodeIgniter->run()
CRITICAL - 2022-09-02 13:50:24 --> Undefined property: CodeIgniter\View\View::$load
in APPPATH\Views\web\index.php on line 5.
 1 APPPATH\Views\web\index.php(5): CodeIgniter\Debug\Exceptions->errorHandler(2, 'Undefined property: CodeIgniter\\View\\View::$load', 'APPPATH\\Views\\web\\index.php', 5)
 2 SYSTEMPATH\View\View.php(213): include('APPPATH\\Views\\web\\index.php')
 3 SYSTEMPATH\View\View.php(216): CodeIgniter\View\View->CodeIgniter\View\{closure}()
 4 SYSTEMPATH\Common.php(1137): CodeIgniter\View\View->render('web/index', [], true)
 5 APPPATH\Controllers\Home.php(21): view('web/index')
 6 SYSTEMPATH\CodeIgniter.php(904): App\Controllers\Home->web()
 7 SYSTEMPATH\CodeIgniter.php(457): CodeIgniter\CodeIgniter->runController(Object(App\Controllers\Home))
 8 SYSTEMPATH\CodeIgniter.php(340): CodeIgniter\CodeIgniter->handleRequest(null, Object(Config\Cache), false)
 9 FCPATH\index.php(67): CodeIgniter\CodeIgniter->run()
CRITICAL - 2022-09-02 13:51:19 --> Undefined property: CodeIgniter\View\View::$load
in APPPATH\Views\web\index.php on line 5.
 1 APPPATH\Views\web\index.php(5): CodeIgniter\Debug\Exceptions->errorHandler(2, 'Undefined property: CodeIgniter\\View\\View::$load', 'APPPATH\\Views\\web\\index.php', 5)
 2 SYSTEMPATH\View\View.php(213): include('APPPATH\\Views\\web\\index.php')
 3 SYSTEMPATH\View\View.php(216): CodeIgniter\View\View->CodeIgniter\View\{closure}()
 4 SYSTEMPATH\Common.php(1137): CodeIgniter\View\View->render('web/index', [], true)
 5 APPPATH\Controllers\Home.php(21): view('web/index')
 6 SYSTEMPATH\CodeIgniter.php(904): App\Controllers\Home->web()
 7 SYSTEMPATH\CodeIgniter.php(457): CodeIgniter\CodeIgniter->runController(Object(App\Controllers\Home))
 8 SYSTEMPATH\CodeIgniter.php(340): CodeIgniter\CodeIgniter->handleRequest(null, Object(Config\Cache), false)
 9 FCPATH\index.php(67): CodeIgniter\CodeIgniter->run()
CRITICAL - 2022-09-02 13:59:26 --> Undefined property: CodeIgniter\View\View::$load
in APPPATH\Views\web\index.php on line 5.
 1 APPPATH\Views\web\index.php(5): CodeIgniter\Debug\Exceptions->errorHandler(2, 'Undefined property: CodeIgniter\\View\\View::$load', 'APPPATH\\Views\\web\\index.php', 5)
 2 SYSTEMPATH\View\View.php(213): include('APPPATH\\Views\\web\\index.php')
 3 SYSTEMPATH\View\View.php(216): CodeIgniter\View\View->CodeIgniter\View\{closure}()
 4 SYSTEMPATH\Common.php(1137): CodeIgniter\View\View->render('web/index', [], true)
 5 APPPATH\Controllers\Home.php(21): view('web/index')
 6 SYSTEMPATH\CodeIgniter.php(904): App\Controllers\Home->web()
 7 SYSTEMPATH\CodeIgniter.php(457): CodeIgniter\CodeIgniter->runController(Object(App\Controllers\Home))
 8 SYSTEMPATH\CodeIgniter.php(340): CodeIgniter\CodeIgniter->handleRequest(null, Object(Config\Cache), false)
 9 FCPATH\index.php(67): CodeIgniter\CodeIgniter->run()
CRITICAL - 2022-09-02 14:09:52 --> Undefined property: CodeIgniter\View\View::$load
in APPPATH\Views\web\index.php on line 5.
 1 APPPATH\Views\web\index.php(5): CodeIgniter\Debug\Exceptions->errorHandler(2, 'Undefined property: CodeIgniter\\View\\View::$load', 'APPPATH\\Views\\web\\index.php', 5)
 2 SYSTEMPATH\View\View.php(213): include('APPPATH\\Views\\web\\index.php')
 3 SYSTEMPATH\View\View.php(216): CodeIgniter\View\View->CodeIgniter\View\{closure}()
 4 SYSTEMPATH\Common.php(1137): CodeIgniter\View\View->render('web/index', [], true)
 5 APPPATH\Controllers\Home.php(21): view('web/index')
 6 SYSTEMPATH\CodeIgniter.php(904): App\Controllers\Home->web()
 7 SYSTEMPATH\CodeIgniter.php(457): CodeIgniter\CodeIgniter->runController(Object(App\Controllers\Home))
 8 SYSTEMPATH\CodeIgniter.php(340): CodeIgniter\CodeIgniter->handleRequest(null, Object(Config\Cache), false)
 9 FCPATH\index.php(67): CodeIgniter\CodeIgniter->run()
CRITICAL - 2022-09-02 14:10:46 --> Undefined property: CodeIgniter\View\View::$load
in APPPATH\Views\web\index.php on line 5.
 1 APPPATH\Views\web\index.php(5): CodeIgniter\Debug\Exceptions->errorHandler(2, 'Undefined property: CodeIgniter\\View\\View::$load', 'APPPATH\\Views\\web\\index.php', 5)
 2 SYSTEMPATH\View\View.php(213): include('APPPATH\\Views\\web\\index.php')
 3 SYSTEMPATH\View\View.php(216): CodeIgniter\View\View->CodeIgniter\View\{closure}()
 4 SYSTEMPATH\Common.php(1137): CodeIgniter\View\View->render('web/index', [], true)
 5 APPPATH\Controllers\Home.php(21): view('web/index')
 6 SYSTEMPATH\CodeIgniter.php(904): App\Controllers\Home->web()
 7 SYSTEMPATH\CodeIgniter.php(457): CodeIgniter\CodeIgniter->runController(Object(App\Controllers\Home))
 8 SYSTEMPATH\CodeIgniter.php(340): CodeIgniter\CodeIgniter->handleRequest(null, Object(Config\Cache), false)
 9 FCPATH\index.php(67): CodeIgniter\CodeIgniter->run()
CRITICAL - 2022-09-02 14:11:45 --> Undefined property: CodeIgniter\View\View::$load
in APPPATH\Views\web\index.php on line 5.
 1 APPPATH\Views\web\index.php(5): CodeIgniter\Debug\Exceptions->errorHandler(2, 'Undefined property: CodeIgniter\\View\\View::$load', 'APPPATH\\Views\\web\\index.php', 5)
 2 SYSTEMPATH\View\View.php(213): include('APPPATH\\Views\\web\\index.php')
 3 SYSTEMPATH\View\View.php(216): CodeIgniter\View\View->CodeIgniter\View\{closure}()
 4 SYSTEMPATH\Common.php(1137): CodeIgniter\View\View->render('web/index', [], true)
 5 APPPATH\Controllers\Home.php(21): view('web/index')
 6 SYSTEMPATH\CodeIgniter.php(904): App\Controllers\Home->web()
 7 SYSTEMPATH\CodeIgniter.php(457): CodeIgniter\CodeIgniter->runController(Object(App\Controllers\Home))
 8 SYSTEMPATH\CodeIgniter.php(340): CodeIgniter\CodeIgniter->handleRequest(null, Object(Config\Cache), false)
 9 FCPATH\index.php(67): CodeIgniter\CodeIgniter->run()
CRITICAL - 2022-09-02 14:16:25 --> Call to undefined method CodeIgniter\View\View::view()
in APPPATH\Views\web\index.php on line 5.
 1 SYSTEMPATH\View\View.php(213): include()
 2 SYSTEMPATH\View\View.php(216): CodeIgniter\View\View->CodeIgniter\View\{closure}()
 3 SYSTEMPATH\Common.php(1137): CodeIgniter\View\View->render('web/index', [], true)
 4 APPPATH\Controllers\Home.php(21): view('web/index')
 5 SYSTEMPATH\CodeIgniter.php(904): App\Controllers\Home->web()
 6 SYSTEMPATH\CodeIgniter.php(457): CodeIgniter\CodeIgniter->runController(Object(App\Controllers\Home))
 7 SYSTEMPATH\CodeIgniter.php(340): CodeIgniter\CodeIgniter->handleRequest(null, Object(Config\Cache), false)
 8 FCPATH\index.php(67): CodeIgniter\CodeIgniter->run()
CRITICAL - 2022-09-02 14:16:48 --> Call to undefined method CodeIgniter\View\View::view()
in APPPATH\Views\web\index.php on line 5.
 1 SYSTEMPATH\View\View.php(213): include()
 2 SYSTEMPATH\View\View.php(216): CodeIgniter\View\View->CodeIgniter\View\{closure}()
 3 SYSTEMPATH\Common.php(1137): CodeIgniter\View\View->render('web/index', [], true)
 4 APPPATH\Controllers\Home.php(21): view('web/index')
 5 SYSTEMPATH\CodeIgniter.php(904): App\Controllers\Home->web()
 6 SYSTEMPATH\CodeIgniter.php(457): CodeIgniter\CodeIgniter->runController(Object(App\Controllers\Home))
 7 SYSTEMPATH\CodeIgniter.php(340): CodeIgniter\CodeIgniter->handleRequest(null, Object(Config\Cache), false)
 8 FCPATH\index.php(67): CodeIgniter\CodeIgniter->run()
CRITICAL - 2022-09-02 14:18:31 --> Undefined property: App\Controllers\Home::$load
in APPPATH\Controllers\Home.php on line 21.
 1 APPPATH\Controllers\Home.php(21): CodeIgniter\Debug\Exceptions->errorHandler(2, 'Undefined property: App\\Controllers\\Home::$load', 'APPPATH\\Controllers\\Home.php', 21)
 2 SYSTEMPATH\CodeIgniter.php(904): App\Controllers\Home->web()
 3 SYSTEMPATH\CodeIgniter.php(457): CodeIgniter\CodeIgniter->runController(Object(App\Controllers\Home))
 4 SYSTEMPATH\CodeIgniter.php(340): CodeIgniter\CodeIgniter->handleRequest(null, Object(Config\Cache), false)
 5 FCPATH\index.php(67): CodeIgniter\CodeIgniter->run()
CRITICAL - 2022-09-02 14:18:53 --> Undefined property: CodeIgniter\View\View::$load
in APPPATH\Views\web\index.php on line 5.
 1 APPPATH\Views\web\index.php(5): CodeIgniter\Debug\Exceptions->errorHandler(2, 'Undefined property: CodeIgniter\\View\\View::$load', 'APPPATH\\Views\\web\\index.php', 5)
 2 SYSTEMPATH\View\View.php(213): include('APPPATH\\Views\\web\\index.php')
 3 SYSTEMPATH\View\View.php(216): CodeIgniter\View\View->CodeIgniter\View\{closure}()
 4 SYSTEMPATH\Common.php(1137): CodeIgniter\View\View->render('web/index', [], true)
 5 APPPATH\Controllers\Home.php(21): view('web/index')
 6 SYSTEMPATH\CodeIgniter.php(904): App\Controllers\Home->web()
 7 SYSTEMPATH\CodeIgniter.php(457): CodeIgniter\CodeIgniter->runController(Object(App\Controllers\Home))
 8 SYSTEMPATH\CodeIgniter.php(340): CodeIgniter\CodeIgniter->handleRequest(null, Object(Config\Cache), false)
 9 FCPATH\index.php(67): CodeIgniter\CodeIgniter->run()
CRITICAL - 2022-09-02 14:19:48 --> Undefined property: CodeIgniter\View\View::$load
in APPPATH\Views\web\index.php on line 5.
 1 APPPATH\Views\web\index.php(5): CodeIgniter\Debug\Exceptions->errorHandler(2, 'Undefined property: CodeIgniter\\View\\View::$load', 'APPPATH\\Views\\web\\index.php', 5)
 2 SYSTEMPATH\View\View.php(213): include('APPPATH\\Views\\web\\index.php')
 3 SYSTEMPATH\View\View.php(216): CodeIgniter\View\View->CodeIgniter\View\{closure}()
 4 SYSTEMPATH\Common.php(1137): CodeIgniter\View\View->render('web/index', [], true)
 5 APPPATH\Controllers\Home.php(21): view('web/index')
 6 SYSTEMPATH\CodeIgniter.php(904): App\Controllers\Home->web()
 7 SYSTEMPATH\CodeIgniter.php(457): CodeIgniter\CodeIgniter->runController(Object(App\Controllers\Home))
 8 SYSTEMPATH\CodeIgniter.php(340): CodeIgniter\CodeIgniter->handleRequest(null, Object(Config\Cache), false)
 9 FCPATH\index.php(67): CodeIgniter\CodeIgniter->run()
CRITICAL - 2022-09-02 14:25:04 --> Undefined property: CodeIgniter\View\View::$load
in APPPATH\Views\web\index.php on line 6.
 1 APPPATH\Views\web\index.php(6): CodeIgniter\Debug\Exceptions->errorHandler(2, 'Undefined property: CodeIgniter\\View\\View::$load', 'APPPATH\\Views\\web\\index.php', 6)
 2 SYSTEMPATH\View\View.php(213): include('APPPATH\\Views\\web\\index.php')
 3 SYSTEMPATH\View\View.php(216): CodeIgniter\View\View->CodeIgniter\View\{closure}()
 4 SYSTEMPATH\Common.php(1137): CodeIgniter\View\View->render('web/index', [], true)
 5 APPPATH\Controllers\Home.php(21): view('web/index')
 6 SYSTEMPATH\CodeIgniter.php(904): App\Controllers\Home->web()
 7 SYSTEMPATH\CodeIgniter.php(457): CodeIgniter\CodeIgniter->runController(Object(App\Controllers\Home))
 8 SYSTEMPATH\CodeIgniter.php(340): CodeIgniter\CodeIgniter->handleRequest(null, Object(Config\Cache), false)
 9 FCPATH\index.php(67): CodeIgniter\CodeIgniter->run()
CRITICAL - 2022-09-02 14:26:33 --> Undefined property: CodeIgniter\View\View::$load
in APPPATH\Views\web\index.php on line 6.
 1 APPPATH\Views\web\index.php(6): CodeIgniter\Debug\Exceptions->errorHandler(2, 'Undefined property: CodeIgniter\\View\\View::$load', 'APPPATH\\Views\\web\\index.php', 6)
 2 SYSTEMPATH\View\View.php(213): include('APPPATH\\Views\\web\\index.php')
 3 SYSTEMPATH\View\View.php(216): CodeIgniter\View\View->CodeIgniter\View\{closure}()
 4 SYSTEMPATH\Common.php(1137): CodeIgniter\View\View->render('web/index', [], true)
 5 APPPATH\Controllers\Home.php(21): view('web/index')
 6 SYSTEMPATH\CodeIgniter.php(904): App\Controllers\Home->web()
 7 SYSTEMPATH\CodeIgniter.php(457): CodeIgniter\CodeIgniter->runController(Object(App\Controllers\Home))
 8 SYSTEMPATH\CodeIgniter.php(340): CodeIgniter\CodeIgniter->handleRequest(null, Object(Config\Cache), false)
 9 FCPATH\index.php(67): CodeIgniter\CodeIgniter->run()
CRITICAL - 2022-09-02 14:38:33 --> Undefined property: CodeIgniter\View\View::$load
in APPPATH\Views\web\index.php on line 6.
 1 APPPATH\Views\web\index.php(6): CodeIgniter\Debug\Exceptions->errorHandler(2, 'Undefined property: CodeIgniter\\View\\View::$load', 'APPPATH\\Views\\web\\index.php', 6)
 2 SYSTEMPATH\View\View.php(213): include('APPPATH\\Views\\web\\index.php')
 3 SYSTEMPATH\View\View.php(216): CodeIgniter\View\View->CodeIgniter\View\{closure}()
 4 SYSTEMPATH\Common.php(1137): CodeIgniter\View\View->render('web/index', [], true)
 5 APPPATH\Controllers\Home.php(21): view('web/index')
 6 SYSTEMPATH\CodeIgniter.php(904): App\Controllers\Home->web()
 7 SYSTEMPATH\CodeIgniter.php(457): CodeIgniter\CodeIgniter->runController(Object(App\Controllers\Home))
 8 SYSTEMPATH\CodeIgniter.php(340): CodeIgniter\CodeIgniter->handleRequest(null, Object(Config\Cache), false)
 9 FCPATH\index.php(67): CodeIgniter\CodeIgniter->run()
CRITICAL - 2022-09-02 14:38:59 --> include(components/head): Failed to open stream: No such file or directory
in APPPATH\Views\web\index.php on line 6.
 1 APPPATH\Views\web\index.php(6): CodeIgniter\Debug\Exceptions->errorHandler(2, 'include(components/head): Failed to open stream: No such file or directory', 'APPPATH\\Views\\web\\index.php', 6)
 2 APPPATH\Views\web\index.php(6): include()
 3 SYSTEMPATH\View\View.php(213): include('APPPATH\\Views\\web\\index.php')
 4 SYSTEMPATH\View\View.php(216): CodeIgniter\View\View->CodeIgniter\View\{closure}()
 5 SYSTEMPATH\Common.php(1137): CodeIgniter\View\View->render('web/index', [], true)
 6 APPPATH\Controllers\Home.php(21): view('web/index')
 7 SYSTEMPATH\CodeIgniter.php(904): App\Controllers\Home->web()
 8 SYSTEMPATH\CodeIgniter.php(457): CodeIgniter\CodeIgniter->runController(Object(App\Controllers\Home))
 9 SYSTEMPATH\CodeIgniter.php(340): CodeIgniter\CodeIgniter->handleRequest(null, Object(Config\Cache), false)
10 FCPATH\index.php(67): CodeIgniter\CodeIgniter->run()
CRITICAL - 2022-09-02 14:40:30 --> Undefined property: CodeIgniter\View\View::$load
in APPPATH\Views\web\index.php on line 5.
 1 APPPATH\Views\web\index.php(5): CodeIgniter\Debug\Exceptions->errorHandler(2, 'Undefined property: CodeIgniter\\View\\View::$load', 'APPPATH\\Views\\web\\index.php', 5)
 2 SYSTEMPATH\View\View.php(213): include('APPPATH\\Views\\web\\index.php')
 3 SYSTEMPATH\View\View.php(216): CodeIgniter\View\View->CodeIgniter\View\{closure}()
 4 SYSTEMPATH\Common.php(1137): CodeIgniter\View\View->render('web/index', [], true)
 5 APPPATH\Controllers\Home.php(21): view('web/index')
 6 SYSTEMPATH\CodeIgniter.php(904): App\Controllers\Home->web()
 7 SYSTEMPATH\CodeIgniter.php(457): CodeIgniter\CodeIgniter->runController(Object(App\Controllers\Home))
 8 SYSTEMPATH\CodeIgniter.php(340): CodeIgniter\CodeIgniter->handleRequest(null, Object(Config\Cache), false)
 9 FCPATH\index.php(67): CodeIgniter\CodeIgniter->run()
CRITICAL - 2022-09-02 14:41:19 --> Call to undefined method CodeIgniter\View\View::viewPath()
in APPPATH\Views\web\index.php on line 6.
 1 SYSTEMPATH\View\View.php(213): include()
 2 SYSTEMPATH\View\View.php(216): CodeIgniter\View\View->CodeIgniter\View\{closure}()
 3 SYSTEMPATH\Common.php(1137): CodeIgniter\View\View->render('web/index', [], true)
 4 APPPATH\Controllers\Home.php(21): view('web/index')
 5 SYSTEMPATH\CodeIgniter.php(904): App\Controllers\Home->web()
 6 SYSTEMPATH\CodeIgniter.php(457): CodeIgniter\CodeIgniter->runController(Object(App\Controllers\Home))
 7 SYSTEMPATH\CodeIgniter.php(340): CodeIgniter\CodeIgniter->handleRequest(null, Object(Config\Cache), false)
 8 FCPATH\index.php(67): CodeIgniter\CodeIgniter->run()
CRITICAL - 2022-09-02 14:41:58 --> Undefined property: CodeIgniter\View\View::$load
in APPPATH\Views\web\index.php on line 6.
 1 APPPATH\Views\web\index.php(6): CodeIgniter\Debug\Exceptions->errorHandler(2, 'Undefined property: CodeIgniter\\View\\View::$load', 'APPPATH\\Views\\web\\index.php', 6)
 2 SYSTEMPATH\View\View.php(213): include('APPPATH\\Views\\web\\index.php')
 3 SYSTEMPATH\View\View.php(216): CodeIgniter\View\View->CodeIgniter\View\{closure}()
 4 SYSTEMPATH\Common.php(1137): CodeIgniter\View\View->render('web/index', [], true)
 5 APPPATH\Controllers\Home.php(21): view('web/index')
 6 SYSTEMPATH\CodeIgniter.php(904): App\Controllers\Home->web()
 7 SYSTEMPATH\CodeIgniter.php(457): CodeIgniter\CodeIgniter->runController(Object(App\Controllers\Home))
 8 SYSTEMPATH\CodeIgniter.php(340): CodeIgniter\CodeIgniter->handleRequest(null, Object(Config\Cache), false)
 9 FCPATH\index.php(67): CodeIgniter\CodeIgniter->run()
CRITICAL - 2022-09-02 15:00:35 --> Undefined property: App\Controllers\Home::$load
in APPPATH\Controllers\Home.php on line 21.
 1 APPPATH\Controllers\Home.php(21): CodeIgniter\Debug\Exceptions->errorHandler(2, 'Undefined property: App\\Controllers\\Home::$load', 'APPPATH\\Controllers\\Home.php', 21)
 2 SYSTEMPATH\CodeIgniter.php(904): App\Controllers\Home->web()
 3 SYSTEMPATH\CodeIgniter.php(457): CodeIgniter\CodeIgniter->runController(Object(App\Controllers\Home))
 4 SYSTEMPATH\CodeIgniter.php(340): CodeIgniter\CodeIgniter->handleRequest(null, Object(Config\Cache), false)
 5 FCPATH\index.php(67): CodeIgniter\CodeIgniter->run()
CRITICAL - 2022-09-02 15:05:31 --> include_once(components/head): Failed to open stream: No such file or directory
in APPPATH\Views\web\index.php on line 6.
 1 APPPATH\Views\web\index.php(6): CodeIgniter\Debug\Exceptions->errorHandler(2, 'include_once(components/head): Failed to open stream: No such file or directory', 'APPPATH\\Views\\web\\index.php', 6)
 2 APPPATH\Views\web\index.php(6): include_once()
 3 SYSTEMPATH\View\View.php(213): include('APPPATH\\Views\\web\\index.php')
 4 SYSTEMPATH\View\View.php(216): CodeIgniter\View\View->CodeIgniter\View\{closure}()
 5 SYSTEMPATH\Common.php(1137): CodeIgniter\View\View->render('web/index', [], true)
 6 APPPATH\Controllers\Home.php(22): view('web/index')
 7 SYSTEMPATH\CodeIgniter.php(904): App\Controllers\Home->web()
 8 SYSTEMPATH\CodeIgniter.php(457): CodeIgniter\CodeIgniter->runController(Object(App\Controllers\Home))
 9 SYSTEMPATH\CodeIgniter.php(340): CodeIgniter\CodeIgniter->handleRequest(null, Object(Config\Cache), false)
10 FCPATH\index.php(67): CodeIgniter\CodeIgniter->run()
CRITICAL - 2022-09-02 15:07:19 --> file_get_contents(components/head): Failed to open stream: No such file or directory
in APPPATH\Views\web\index.php on line 6.
 1 [internal function]: CodeIgniter\Debug\Exceptions->errorHandler(2, 'file_get_contents(components/head): Failed to open stream: No such file or directory', 'APPPATH\\Views\\web\\index.php', 6)
 2 APPPATH\Views\web\index.php(6): file_get_contents('components/head')
 3 SYSTEMPATH\View\View.php(213): include('APPPATH\\Views\\web\\index.php')
 4 SYSTEMPATH\View\View.php(216): CodeIgniter\View\View->CodeIgniter\View\{closure}()
 5 SYSTEMPATH\Common.php(1137): CodeIgniter\View\View->render('web/index', [], true)
 6 APPPATH\Controllers\Home.php(22): view('web/index')
 7 SYSTEMPATH\CodeIgniter.php(904): App\Controllers\Home->web()
 8 SYSTEMPATH\CodeIgniter.php(457): CodeIgniter\CodeIgniter->runController(Object(App\Controllers\Home))
 9 SYSTEMPATH\CodeIgniter.php(340): CodeIgniter\CodeIgniter->handleRequest(null, Object(Config\Cache), false)
10 FCPATH\index.php(67): CodeIgniter\CodeIgniter->run()
CRITICAL - 2022-09-02 15:07:37 --> file_get_contents(web/components/head): Failed to open stream: No such file or directory
in APPPATH\Views\web\index.php on line 6.
 1 [internal function]: CodeIgniter\Debug\Exceptions->errorHandler(2, 'file_get_contents(web/components/head): Failed to open stream: No such file or directory', 'APPPATH\\Views\\web\\index.php', 6)
 2 APPPATH\Views\web\index.php(6): file_get_contents('web/components/head')
 3 SYSTEMPATH\View\View.php(213): include('APPPATH\\Views\\web\\index.php')
 4 SYSTEMPATH\View\View.php(216): CodeIgniter\View\View->CodeIgniter\View\{closure}()
 5 SYSTEMPATH\Common.php(1137): CodeIgniter\View\View->render('web/index', [], true)
 6 APPPATH\Controllers\Home.php(22): view('web/index')
 7 SYSTEMPATH\CodeIgniter.php(904): App\Controllers\Home->web()
 8 SYSTEMPATH\CodeIgniter.php(457): CodeIgniter\CodeIgniter->runController(Object(App\Controllers\Home))
 9 SYSTEMPATH\CodeIgniter.php(340): CodeIgniter\CodeIgniter->handleRequest(null, Object(Config\Cache), false)
10 FCPATH\index.php(67): CodeIgniter\CodeIgniter->run()
CRITICAL - 2022-09-02 15:08:16 --> file_get_contents(web/components/head.php): Failed to open stream: No such file or directory
in APPPATH\Views\web\index.php on line 6.
 1 [internal function]: CodeIgniter\Debug\Exceptions->errorHandler(2, 'file_get_contents(web/components/head.php): Failed to open stream: No such file or directory', 'APPPATH\\Views\\web\\index.php', 6)
 2 APPPATH\Views\web\index.php(6): file_get_contents('web/components/head.php')
 3 SYSTEMPATH\View\View.php(213): include('APPPATH\\Views\\web\\index.php')
 4 SYSTEMPATH\View\View.php(216): CodeIgniter\View\View->CodeIgniter\View\{closure}()
 5 SYSTEMPATH\Common.php(1137): CodeIgniter\View\View->render('web/index', [], true)
 6 APPPATH\Controllers\Home.php(22): view('web/index')
 7 SYSTEMPATH\CodeIgniter.php(904): App\Controllers\Home->web()
 8 SYSTEMPATH\CodeIgniter.php(457): CodeIgniter\CodeIgniter->runController(Object(App\Controllers\Home))
 9 SYSTEMPATH\CodeIgniter.php(340): CodeIgniter\CodeIgniter->handleRequest(null, Object(Config\Cache), false)
10 FCPATH\index.php(67): CodeIgniter\CodeIgniter->run()
