CRITICAL - 2022-09-03 00:04:00 --> Invalid file: /header.php
in SYSTEMPATH\Exceptions\FrameworkException.php on line 33.
 1 SYSTEMPATH\View\View.php(201): CodeIgniter\Exceptions\FrameworkException::forInvalidFile('/header.php')
 2 SYSTEMPATH\View\View.php(429): CodeIgniter\View\View->render('/header', null, true)
 3 APPPATH\Views\web\components\body.php(8): CodeIgniter\View\View->include('/header')
 4 SYSTEMPATH\View\View.php(213): include('APPPATH\\Views\\web\\components\\body.php')
 5 SYSTEMPATH\View\View.php(216): CodeIgniter\View\View->CodeIgniter\View\{closure}()
 6 SYSTEMPATH\View\View.php(429): CodeIgniter\View\View->render('web/components/body', null, true)
 7 APPPATH\Views\web\index.php(7): CodeIgniter\View\View->include('web/components/body')
 8 SYSTEMPATH\View\View.php(213): include('APPPATH\\Views\\web\\index.php')
 9 SYSTEMPATH\View\View.php(216): CodeIgniter\View\View->CodeIgniter\View\{closure}()
10 SYSTEMPATH\Common.php(1137): CodeIgniter\View\View->render('web/index', [], true)
11 APPPATH\Controllers\Home.php(22): view('web/index')
12 SYSTEMPATH\CodeIgniter.php(904): App\Controllers\Home->web()
13 SYSTEMPATH\CodeIgniter.php(457): CodeIgniter\CodeIgniter->runController(Object(App\Controllers\Home))
14 SYSTEMPATH\CodeIgniter.php(340): CodeIgniter\CodeIgniter->handleRequest(null, Object(Config\Cache), false)
15 FCPATH\index.php(67): CodeIgniter\CodeIgniter->run()
CRITICAL - 2022-09-03 00:08:33 --> Undefined variable $title
in APPPATH\Views\web\components\head.php on line 9.
 1 APPPATH\Views\web\components\head.php(9): CodeIgniter\Debug\Exceptions->errorHandler(2, 'Undefined variable $title', 'APPPATH\\Views\\web\\components\\head.php', 9)
 2 SYSTEMPATH\View\View.php(213): include('APPPATH\\Views\\web\\components\\head.php')
 3 SYSTEMPATH\View\View.php(216): CodeIgniter\View\View->CodeIgniter\View\{closure}()
 4 SYSTEMPATH\View\View.php(429): CodeIgniter\View\View->render('web/components/head', [...], true)
 5 APPPATH\Views\web\index.php(4): CodeIgniter\View\View->include('web/components/head', [...])
 6 SYSTEMPATH\View\View.php(213): include('APPPATH\\Views\\web\\index.php')
 7 SYSTEMPATH\View\View.php(216): CodeIgniter\View\View->CodeIgniter\View\{closure}()
 8 SYSTEMPATH\Common.php(1137): CodeIgniter\View\View->render('web/index', [], true)
 9 APPPATH\Controllers\Home.php(25): view('web/index', [...])
10 SYSTEMPATH\CodeIgniter.php(904): App\Controllers\Home->web()
11 SYSTEMPATH\CodeIgniter.php(457): CodeIgniter\CodeIgniter->runController(Object(App\Controllers\Home))
12 SYSTEMPATH\CodeIgniter.php(340): CodeIgniter\CodeIgniter->handleRequest(null, Object(Config\Cache), false)
13 FCPATH\index.php(67): CodeIgniter\CodeIgniter->run()
CRITICAL - 2022-09-03 00:13:54 --> Undefined variable $title
in APPPATH\Views\web\components\head.php on line 9.
 1 APPPATH\Views\web\components\head.php(9): CodeIgniter\Debug\Exceptions->errorHandler(2, 'Undefined variable $title', 'APPPATH\\Views\\web\\components\\head.php', 9)
 2 SYSTEMPATH\View\View.php(213): include('APPPATH\\Views\\web\\components\\head.php')
 3 SYSTEMPATH\View\View.php(216): CodeIgniter\View\View->CodeIgniter\View\{closure}()
 4 SYSTEMPATH\View\View.php(429): CodeIgniter\View\View->render('web/components/head', [...], true)
 5 APPPATH\Views\web\index.php(7): CodeIgniter\View\View->include('web/components/head', [...])
 6 SYSTEMPATH\View\View.php(213): include('APPPATH\\Views\\web\\index.php')
 7 SYSTEMPATH\View\View.php(216): CodeIgniter\View\View->CodeIgniter\View\{closure}()
 8 SYSTEMPATH\Common.php(1137): CodeIgniter\View\View->render('web/index', [], true)
 9 APPPATH\Controllers\Home.php(25): view('web/index', [...])
10 SYSTEMPATH\CodeIgniter.php(904): App\Controllers\Home->web()
11 SYSTEMPATH\CodeIgniter.php(457): CodeIgniter\CodeIgniter->runController(Object(App\Controllers\Home))
12 SYSTEMPATH\CodeIgniter.php(340): CodeIgniter\CodeIgniter->handleRequest(null, Object(Config\Cache), false)
13 FCPATH\index.php(67): CodeIgniter\CodeIgniter->run()
CRITICAL - 2022-09-03 00:24:10 --> Invalid file: web/components/section/header.php
in SYSTEMPATH\Exceptions\FrameworkException.php on line 33.
 1 SYSTEMPATH\View\View.php(201): CodeIgniter\Exceptions\FrameworkException::forInvalidFile('web/components/section/header.php')
 2 SYSTEMPATH\Common.php(1137): CodeIgniter\View\View->render('web/components/section/header', [], true)
 3 APPPATH\Views\web\components\body.php(8): view('web/components/section/header')
 4 SYSTEMPATH\View\View.php(213): include('APPPATH\\Views\\web\\components\\body.php')
 5 SYSTEMPATH\View\View.php(216): CodeIgniter\View\View->CodeIgniter\View\{closure}()
 6 SYSTEMPATH\Common.php(1137): CodeIgniter\View\View->render('web/components/body', [], true)
 7 APPPATH\Views\web\index.php(8): view('web/components/body')
 8 SYSTEMPATH\View\View.php(213): include('APPPATH\\Views\\web\\index.php')
 9 SYSTEMPATH\View\View.php(216): CodeIgniter\View\View->CodeIgniter\View\{closure}()
10 SYSTEMPATH\Common.php(1137): CodeIgniter\View\View->render('web/index', [], true)
11 APPPATH\Controllers\Home.php(25): view('web/index', [...])
12 SYSTEMPATH\CodeIgniter.php(904): App\Controllers\Home->web()
13 SYSTEMPATH\CodeIgniter.php(457): CodeIgniter\CodeIgniter->runController(Object(App\Controllers\Home))
14 SYSTEMPATH\CodeIgniter.php(340): CodeIgniter\CodeIgniter->handleRequest(null, Object(Config\Cache), false)
15 FCPATH\index.php(67): CodeIgniter\CodeIgniter->run()
